221227 06:16:39 mysqld_safe Starting mariadbd daemon with databases from /config/databases
2022-12-27  6:16:39 0 [Note] /usr/bin/mariadbd (server 10.6.10-MariaDB-log) starting as process 412 ...
2022-12-27  6:16:39 0 [Warning] Setting lower_case_table_names=2 because file system for /config/databases/ is case insensitive
2022-12-27  6:16:39 0 [Note] InnoDB: Compressed tables use zlib 1.2.12
2022-12-27  6:16:39 0 [Note] InnoDB: Number of pools: 1
2022-12-27  6:16:39 0 [Note] InnoDB: Using ARMv8 crc32 + pmull instructions
2022-12-27  6:16:39 0 [Note] mariadbd: O_TMPFILE is not supported on /var/tmp (disabling future attempts)
2022-12-27  6:16:39 0 [Note] InnoDB: Using Linux native AIO
2022-12-27  6:16:39 0 [Note] InnoDB: Initializing buffer pool, total size = 268435456, chunk size = 134217728
2022-12-27  6:16:39 0 [Note] InnoDB: Completed initialization of buffer pool
2022-12-27  6:16:40 0 [Note] InnoDB: 128 rollback segments are active.
2022-12-27  6:16:40 0 [Note] InnoDB: Creating shared tablespace for temporary tables
2022-12-27  6:16:40 0 [Note] InnoDB: Setting file './ibtmp1' size to 12 MB. Physically writing the file full; Please wait ...
2022-12-27  6:16:40 0 [Note] InnoDB: File './ibtmp1' size is now 12 MB.
2022-12-27  6:16:40 0 [Note] InnoDB: 10.6.10 started; log sequence number 42132; transaction id 14
2022-12-27  6:16:40 0 [Note] Plugin 'FEEDBACK' is disabled.
2022-12-27  6:16:40 0 [Note] InnoDB: Loading buffer pool(s) from /config/databases/ib_buffer_pool
2022-12-27  6:16:40 0 [Note] Server socket created on IP: '0.0.0.0'.
2022-12-27  6:16:40 0 [Note] Server socket created on IP: '::'.
2022-12-27  6:16:40 0 [Note] InnoDB: Buffer pool(s) load completed at 221227  6:16:40
2022-12-27  6:16:40 0 [Note] /usr/bin/mariadbd: ready for connections.
Version: '10.6.10-MariaDB-log'  socket: '/run/mysqld/mysqld.sock'  port: 3306  MariaDB Server
2022-12-27  6:16:40 4 [Warning] Aborted connection 4 to db: 'unconnected' user: 'unauthenticated' host: 'localhost' (This connection closed normally without authentication)
